<?xml version="1.0" encoding="UTF-8"?>
<!-- Generated by org.testng.reporters.JUnitXMLReporter -->
<testsuite ignored="0" hostname="SVALAB" failures="0" tests="9" name="Firefox Tests" time="91.195" errors="0" timestamp="2026-02-18T06:07:02 CLST">
  <testcase classname="com.portafolio.automation.tests.LoginTests" name="testEmptyCredentials" time="2.565"/>
  <testcase classname="com.portafolio.automation.tests.LoginTests" name="testInvalidPassword" time="1.873"/>
  <testcase classname="com.portafolio.automation.tests.LoginTests" name="testLockedOutUser" time="4.612"/>
  <testcase classname="com.portafolio.automation.tests.LoginTests" name="testLoginSuccess" time="1.704"/>
  <testcase classname="com.portafolio.automation.tests.CartTests" name="testAddMultipleItemsToCart" time="0.763"/>
  <testcase classname="com.portafolio.automation.tests.CartTests" name="testAddSingleItemToCart" time="0.815"/>
  <testcase classname="com.portafolio.automation.tests.CartTests" name="testEmptyCart" time="10.313"/>
  <testcase classname="com.portafolio.automation.tests.CheckoutTests" name="testCheckoutWithoutInfo" time="0.439"/>
  <testcase classname="com.portafolio.automation.tests.CheckoutTests" name="testCompleteCheckout" time="1.159"/>
</testsuite> <!-- Firefox Tests -->
