<?xml version="1.0" encoding="UTF-8"?>
<!-- Generated by org.testng.reporters.JUnitReportReporter -->
<testsuite hostname="SVALAB" failures="0" tests="6" name="com.portafolio.automation.tests.CartTests" time="64.370" errors="0" timestamp="2026-02-18T06:07:22 CLST" skipped="0">
  <testcase classname="com.portafolio.automation.tests.CartTests" name="testEmptyCart" time="17.125"/>
  <testcase classname="com.portafolio.automation.tests.CartTests" name="testAddSingleItemToCart" time="7.301"/>
  <testcase classname="com.portafolio.automation.tests.CartTests" name="testAddMultipleItemsToCart" time="7.572"/>
  <testcase classname="com.portafolio.automation.tests.CartTests" name="testEmptyCart" time="17.602"/>
  <testcase classname="com.portafolio.automation.tests.CartTests" name="testAddMultipleItemsToCart" time="7.709"/>
  <testcase classname="com.portafolio.automation.tests.CartTests" name="testAddSingleItemToCart" time="7.061"/>
</testsuite> <!-- com.portafolio.automation.tests.CartTests -->
