<?xml version="1.0" encoding="UTF-8"?>
<!-- Generated by org.testng.reporters.JUnitReportReporter -->
<testsuite hostname="SVALAB" failures="0" tests="8" name="com.portafolio.automation.tests.LoginTests" time="88.577" errors="0" timestamp="2026-02-18T06:07:22 CLST" skipped="0">
  <testcase classname="com.portafolio.automation.tests.LoginTests" name="testEmptyCredentials" time="10.122"/>
  <testcase classname="com.portafolio.automation.tests.LoginTests" name="testLockedOutUser" time="11.551"/>
  <testcase classname="com.portafolio.automation.tests.LoginTests" name="testLoginSuccess" time="11.296"/>
  <testcase classname="com.portafolio.automation.tests.LoginTests" name="testLoginSuccess" time="7.708"/>
  <testcase classname="com.portafolio.automation.tests.LoginTests" name="testLockedOutUser" time="7.958"/>
  <testcase classname="com.portafolio.automation.tests.LoginTests" name="testInvalidPassword" time="15.015"/>
  <testcase classname="com.portafolio.automation.tests.LoginTests" name="testEmptyCredentials" time="9.497"/>
  <testcase classname="com.portafolio.automation.tests.LoginTests" name="testInvalidPassword" time="15.430"/>
</testsuite> <!-- com.portafolio.automation.tests.LoginTests -->
