<!DOCTYPE html>

<html>
  <head>
  <meta charset='utf-8'>
  <title>TestNG reports</title>

    <link type="text/css" href="testng-reports1.css" rel="stylesheet" id="ultra" />
    <link type="text/css" href="testng-reports.css" rel="stylesheet" id="retro" disabled="false"/>
    <script type="text/javascript" src="jquery-3.6.0.min.js"></script>
    <script type="text/javascript" src="testng-reports.js"></script>
    <script type="text/javascript" src="https://www.google.com/jsapi"></script>
    <script type='text/javascript'>
      google.load('visualization', '1', {packages:['table']});
      google.setOnLoadCallback(drawTable);
      var suiteTableInitFunctions = new Array();
      var suiteTableData = new Array();
    </script>
    <!--
      <script type="text/javascript" src="jquery-ui/js/jquery-ui-1.8.16.custom.min.js"></script>
     -->
  </head>

  <body>    <div class="top-banner-root">
      <span class="top-banner-title-font">Test results</span>
      <button id="button" class="button">Switch Retro Theme</button> <!-- button -->
      <br/>
      <span class="top-banner-font-1">1 suite, 2 failed tests</span>
    </div> <!-- top-banner-root -->
    <div class="navigator-root">
      <div class="navigator-suite-header">
        <span>All suites</span>
        <a href="#" title="Collapse/expand all the suites" class="collapse-all-link">
          <img src="collapseall.gif" class="collapse-all-icon">
          </img> <!-- collapse-all-icon -->
        </a> <!-- collapse-all-link -->
      </div> <!-- navigator-suite-header -->
      <div class="suite">
        <div class="rounded-window">
          <div class="suite-header light-rounded-window-top">
            <a href="#" panel-name="suite-SauceDemo_E2E_Test_Suite" class="navigator-link">
              <span class="suite-name border-failed">SauceDemo E2E Test Suite</span>
            </a> <!-- navigator-link -->
          </div> <!-- suite-header light-rounded-window-top -->
          <div class="navigator-suite-content">
            <div class="suite-section-title">
              <span>Info</span>
            </div> <!-- suite-section-title -->
            <div class="suite-section-content">
              <ul>
                <li>
                  <a href="#" panel-name="test-xml-SauceDemo_E2E_Test_Suite" class="navigator-link ">
                    <span>C:\Users\svala\e2e-selenium-portfolio\testng.xml</span>
                  </a> <!-- navigator-link  -->
                </li>
                <li>
                  <a href="#" panel-name="testlist-SauceDemo_E2E_Test_Suite" class="navigator-link ">
                    <span class="test-stats">2 tests</span>
                  </a> <!-- navigator-link  -->
                </li>
                <li>
                  <a href="#" panel-name="group-SauceDemo_E2E_Test_Suite" class="navigator-link ">
                    <span>0 groups</span>
                  </a> <!-- navigator-link  -->
                </li>
                <li>
                  <a href="#" panel-name="times-SauceDemo_E2E_Test_Suite" class="navigator-link ">
                    <span>Times</span>
                  </a> <!-- navigator-link  -->
                </li>
                <li>
                  <a href="#" panel-name="reporter-SauceDemo_E2E_Test_Suite" class="navigator-link ">
                    <span>Reporter output</span>
                  </a> <!-- navigator-link  -->
                </li>
                <li>
                  <a href="#" panel-name="ignored-methods-SauceDemo_E2E_Test_Suite" class="navigator-link ">
                    <span>Ignored methods</span>
                  </a> <!-- navigator-link  -->
                </li>
                <li>
                  <a href="#" panel-name="chronological-SauceDemo_E2E_Test_Suite" class="navigator-link ">
                    <span>Chronological view</span>
                  </a> <!-- navigator-link  -->
                </li>
              </ul>
            </div> <!-- suite-section-content -->
            <div class="result-section">
              <div class="suite-section-title">
                <span>Results</span>
              </div> <!-- suite-section-title -->
              <div class="suite-section-content">
                <ul>
                  <li>
                    <span class="method-stats">18 methods, 2 failed,   16 passed</span>
                  </li>
                  <li>
                    <span class="method-list-title failed">Failed methods</span>
                    <span class="show-or-hide-methods failed">
                      <a href="#" panel-name="suite-SauceDemo_E2E_Test_Suite" class="hide-methods failed suite-SauceDemo_E2E_Test_Suite"> (hide)</a> <!-- hide-methods failed suite-SauceDemo_E2E_Test_Suite -->
                      <a href="#" panel-name="suite-SauceDemo_E2E_Test_Suite" class="show-methods failed suite-SauceDemo_E2E_Test_Suite"> (show)</a> <!-- show-methods failed suite-SauceDemo_E2E_Test_Suite -->
                    </span>
                    <div class="method-list-content failed suite-SauceDemo_E2E_Test_Suite">
                      <span>
                        <img src="failed.png" width="3%"/>
                        <a href="#" panel-name="suite-SauceDemo_E2E_Test_Suite" title="com.portafolio.automation.tests.CheckoutTests" class="method navigator-link" hash-for-method="testCheckoutWithoutInfo">testCheckoutWithoutInfo</a> <!-- method navigator-link -->
                      </span>
                      <br/>
                      <span>
                        <img src="failed.png" width="3%"/>
                        <a href="#" panel-name="suite-SauceDemo_E2E_Test_Suite" title="com.portafolio.automation.tests.CheckoutTests" class="method navigator-link" hash-for-method="testCompleteCheckout">testCompleteCheckout</a> <!-- method navigator-link -->
                      </span>
                      <br/>
                    </div> <!-- method-list-content failed suite-SauceDemo_E2E_Test_Suite -->
                  </li>
                  <li>
                    <span class="method-list-title passed">Passed methods</span>
                    <span class="show-or-hide-methods passed">
                      <a href="#" panel-name="suite-SauceDemo_E2E_Test_Suite" class="hide-methods passed suite-SauceDemo_E2E_Test_Suite"> (hide)</a> <!-- hide-methods passed suite-SauceDemo_E2E_Test_Suite -->
                      <a href="#" panel-name="suite-SauceDemo_E2E_Test_Suite" class="show-methods passed suite-SauceDemo_E2E_Test_Suite"> (show)</a> <!-- show-methods passed suite-SauceDemo_E2E_Test_Suite -->
                    </span>
                    <div class="method-list-content passed suite-SauceDemo_E2E_Test_Suite">
                      <span>
                        <img src="passed.png" width="3%"/>
                        <a href="#" panel-name="suite-SauceDemo_E2E_Test_Suite" title="com.portafolio.automation.tests.CartTests" class="method navigator-link" hash-for-method="testAddMultipleItemsToCart">testAddMultipleItemsToCart</a> <!-- method navigator-link -->
                      </span>
                      <br/>
                      <span>
                        <img src="passed.png" width="3%"/>
                        <a href="#" panel-name="suite-SauceDemo_E2E_Test_Suite" title="com.portafolio.automation.tests.CartTests" class="method navigator-link" hash-for-method="testAddMultipleItemsToCart">testAddMultipleItemsToCart</a> <!-- method navigator-link -->
                      </span>
                      <br/>
                      <span>
                        <img src="passed.png" width="3%"/>
                        <a href="#" panel-name="suite-SauceDemo_E2E_Test_Suite" title="com.portafolio.automation.tests.CartTests" class="method navigator-link" hash-for-method="testAddSingleItemToCart">testAddSingleItemToCart</a> <!-- method navigator-link -->
                      </span>
                      <br/>
                      <span>
                        <img src="passed.png" width="3%"/>
                        <a href="#" panel-name="suite-SauceDemo_E2E_Test_Suite" title="com.portafolio.automation.tests.CartTests" class="method navigator-link" hash-for-method="testAddSingleItemToCart">testAddSingleItemToCart</a> <!-- method navigator-link -->
                      </span>
                      <br/>
                      <span>
                        <img src="passed.png" width="3%"/>
                        <a href="#" panel-name="suite-SauceDemo_E2E_Test_Suite" title="com.portafolio.automation.tests.CheckoutTests" class="method navigator-link" hash-for-method="testCheckoutWithoutInfo">testCheckoutWithoutInfo</a> <!-- method navigator-link -->
                      </span>
                      <br/>
                      <span>
                        <img src="passed.png" width="3%"/>
                        <a href="#" panel-name="suite-SauceDemo_E2E_Test_Suite" title="com.portafolio.automation.tests.CheckoutTests" class="method navigator-link" hash-for-method="testCompleteCheckout">testCompleteCheckout</a> <!-- method navigator-link -->
                      </span>
                      <br/>
                      <span>
                        <img src="passed.png" width="3%"/>
                        <a href="#" panel-name="suite-SauceDemo_E2E_Test_Suite" title="com.portafolio.automation.tests.CartTests" class="method navigator-link" hash-for-method="testEmptyCart">testEmptyCart</a> <!-- method navigator-link -->
                      </span>
                      <br/>
                      <span>
                        <img src="passed.png" width="3%"/>
                        <a href="#" panel-name="suite-SauceDemo_E2E_Test_Suite" title="com.portafolio.automation.tests.CartTests" class="method navigator-link" hash-for-method="testEmptyCart">testEmptyCart</a> <!-- method navigator-link -->
                      </span>
                      <br/>
                      <span>
                        <img src="passed.png" width="3%"/>
                        <a href="#" panel-name="suite-SauceDemo_E2E_Test_Suite" title="com.portafolio.automation.tests.LoginTests" class="method navigator-link" hash-for-method="testEmptyCredentials">testEmptyCredentials</a> <!-- method navigator-link -->
                      </span>
                      <br/>
                      <span>
                        <img src="passed.png" width="3%"/>
                        <a href="#" panel-name="suite-SauceDemo_E2E_Test_Suite" title="com.portafolio.automation.tests.LoginTests" class="method navigator-link" hash-for-method="testEmptyCredentials">testEmptyCredentials</a> <!-- method navigator-link -->
                      </span>
                      <br/>
                      <span>
                        <img src="passed.png" width="3%"/>
                        <a href="#" panel-name="suite-SauceDemo_E2E_Test_Suite" title="com.portafolio.automation.tests.LoginTests" class="method navigator-link" hash-for-method="testInvalidPassword">testInvalidPassword</a> <!-- method navigator-link -->
                      </span>
                      <br/>
                      <span>
                        <img src="passed.png" width="3%"/>
                        <a href="#" panel-name="suite-SauceDemo_E2E_Test_Suite" title="com.portafolio.automation.tests.LoginTests" class="method navigator-link" hash-for-method="testInvalidPassword">testInvalidPassword</a> <!-- method navigator-link -->
                      </span>
                      <br/>
                      <span>
                        <img src="passed.png" width="3%"/>
                        <a href="#" panel-name="suite-SauceDemo_E2E_Test_Suite" title="com.portafolio.automation.tests.LoginTests" class="method navigator-link" hash-for-method="testLockedOutUser">testLockedOutUser</a> <!-- method navigator-link -->
                      </span>
                      <br/>
                      <span>
                        <img src="passed.png" width="3%"/>
                        <a href="#" panel-name="suite-SauceDemo_E2E_Test_Suite" title="com.portafolio.automation.tests.LoginTests" class="method navigator-link" hash-for-method="testLockedOutUser">testLockedOutUser</a> <!-- method navigator-link -->
                      </span>
                      <br/>
                      <span>
                        <img src="passed.png" width="3%"/>
                        <a href="#" panel-name="suite-SauceDemo_E2E_Test_Suite" title="com.portafolio.automation.tests.LoginTests" class="method navigator-link" hash-for-method="testLoginSuccess">testLoginSuccess</a> <!-- method navigator-link -->
                      </span>
                      <br/>
                      <span>
                        <img src="passed.png" width="3%"/>
                        <a href="#" panel-name="suite-SauceDemo_E2E_Test_Suite" title="com.portafolio.automation.tests.LoginTests" class="method navigator-link" hash-for-method="testLoginSuccess">testLoginSuccess</a> <!-- method navigator-link -->
                      </span>
                      <br/>
                    </div> <!-- method-list-content passed suite-SauceDemo_E2E_Test_Suite -->
                  </li>
                </ul>
              </div> <!-- suite-section-content -->
            </div> <!-- result-section -->
          </div> <!-- navigator-suite-content -->
        </div> <!-- rounded-window -->
      </div> <!-- suite -->
    </div> <!-- navigator-root -->
    <div class="wrapper">
      <div class="main-panel-root">
        <div panel-name="suite-SauceDemo_E2E_Test_Suite" class="panel SauceDemo_E2E_Test_Suite">
          <div class="suite-SauceDemo_E2E_Test_Suite-class-failed">
            <div class="main-panel-header rounded-window-top">
              <img src="failed.png"/>
              <span class="class-name">com.portafolio.automation.tests.CheckoutTests</span>
            </div> <!-- main-panel-header rounded-window-top -->
            <div class="main-panel-content rounded-window-bottom">
              <div class="method">
                <div class="method-content">
                  <a name="testCheckoutWithoutInfo">
                  </a> <!-- testCheckoutWithoutInfo -->
                  <span class="method-name">testCheckoutWithoutInfo</span>
                  <div class="stack-trace">org.openqa.selenium.NoSuchElementException: no such element: Unable to locate element: {&quot;method&quot;:&quot;css selector&quot;,&quot;selector&quot;:&quot;#continue&quot;}
  (Session info: chrome=144.0.7559.135)
For documentation on this error, please visit: https://www.selenium.dev/documentation/webdriver/troubleshooting/errors#no-such-element-exception
Build info: version: &apos;4.15.0&apos;, revision: &apos;1d14b5521b&apos;
System info: os.name: &apos;Windows 11&apos;, os.arch: &apos;amd64&apos;, os.version: &apos;10.0&apos;, java.version: &apos;23.0.1&apos;
Driver info: org.openqa.selenium.chrome.ChromeDriver
Command: [caf81493b3e1b269316f18491db01dd1, findElement {using=id, value=continue}]
Capabilities {acceptInsecureCerts: false, browserName: chrome, browserVersion: 144.0.7559.135, chrome: {chromedriverVersion: 144.0.7559.133 (7da823b1d59..., userDataDir: C:\Users\svala\AppData\Loca...}, fedcm:accounts: true, goog:chromeOptions: {debuggerAddress: localhost:60516}, goog:processID: 20012, networkConnectionEnabled: false, pageLoadStrategy: normal, platformName: windows, proxy: Proxy(), se:cdp: ws://localhost:60516/devtoo..., se:cdpVersion: 144.0.7559.135, setWindowRect: true, strictFileInteractability: false, timeouts: {implicit: 0, pageLoad: 300000, script: 30000}, unhandledPromptBehavior: dismiss and notify, webauthn:extension:credBlob: true, webauthn:extension:largeBlob: true, webauthn:extension:minPinLength: true, webauthn:extension:prf: true, webauthn:virtualAuthenticators: true}
Session ID: caf81493b3e1b269316f18491db01dd1
	at org.openqa.selenium.remote.codec.w3c.W3CHttpResponseCodec.createException(W3CHttpResponseCodec.java:200)
	at org.openqa.selenium.remote.codec.w3c.W3CHttpResponseCodec.decode(W3CHttpResponseCodec.java:133)
	at org.openqa.selenium.remote.codec.w3c.W3CHttpResponseCodec.decode(W3CHttpResponseCodec.java:52)
	at org.openqa.selenium.remote.HttpCommandExecutor.execute(HttpCommandExecutor.java:191)
	at org.openqa.selenium.remote.service.DriverCommandExecutor.invokeExecute(DriverCommandExecutor.java:200)
	at org.openqa.selenium.remote.service.DriverCommandExecutor.execute(DriverCommandExecutor.java:175)
	at org.openqa.selenium.remote.RemoteWebDriver.execute(RemoteWebDriver.java:607)
	at org.openqa.selenium.remote.ElementLocation$ElementFinder$2.findElement(ElementLocation.java:165)
	at org.openqa.selenium.remote.ElementLocation.findElement(ElementLocation.java:59)
	at org.openqa.selenium.remote.RemoteWebDriver.findElement(RemoteWebDriver.java:364)
	at org.openqa.selenium.remote.RemoteWebDriver.findElement(RemoteWebDriver.java:358)
	at org.openqa.selenium.support.pagefactory.DefaultElementLocator.findElement(DefaultElementLocator.java:68)
	at org.openqa.selenium.support.pagefactory.internal.LocatingElementHandler.invoke(LocatingElementHandler.java:38)
	at jdk.proxy2/jdk.proxy2.$Proxy10.click(Unknown Source)
	at com.portafolio.automation.pages.CheckoutPage.clickContinue(CheckoutPage.java:43)
	at com.portafolio.automation.tests.CheckoutTests.testCheckoutWithoutInfo(CheckoutTests.java:52)
	at java.base/java.util.ArrayList.forEach(ArrayList.java:1597)
	at java.base/java.util.concurrent.FutureTask.run(FutureTask.java:317)
	at java.base/java.util.concurrent.ThreadPoolExecutor.runWorker(ThreadPoolExecutor.java:1144)
	at java.base/java.util.concurrent.ThreadPoolExecutor$Worker.run(ThreadPoolExecutor.java:642)
	at java.base/java.lang.Thread.run(Thread.java:1575)
... Removed 18 stack frames
</div> <!-- stack-trace -->
                  <em>
(Verificar checkout sin información personal)                  </em>
                </div> <!-- method-content -->
              </div> <!-- method -->
              <div class="method">
                <div class="method-content">
                  <a name="testCompleteCheckout">
                  </a> <!-- testCompleteCheckout -->
                  <span class="method-name">testCompleteCheckout</span>
                  <div class="stack-trace">org.openqa.selenium.NoSuchElementException: no such element: Unable to locate element: {&quot;method&quot;:&quot;css selector&quot;,&quot;selector&quot;:&quot;.summary_total_label&quot;}
  (Session info: chrome=144.0.7559.135)
For documentation on this error, please visit: https://www.selenium.dev/documentation/webdriver/troubleshooting/errors#no-such-element-exception
Build info: version: &apos;4.15.0&apos;, revision: &apos;1d14b5521b&apos;
System info: os.name: &apos;Windows 11&apos;, os.arch: &apos;amd64&apos;, os.version: &apos;10.0&apos;, java.version: &apos;23.0.1&apos;
Driver info: org.openqa.selenium.chrome.ChromeDriver
Command: [9b0716e98c363eb605f2646ff6cc872e, findElement {using=class name, value=summary_total_label}]
Capabilities {acceptInsecureCerts: false, browserName: chrome, browserVersion: 144.0.7559.135, chrome: {chromedriverVersion: 144.0.7559.133 (7da823b1d59..., userDataDir: C:\Users\svala\AppData\Loca...}, fedcm:accounts: true, goog:chromeOptions: {debuggerAddress: localhost:51885}, goog:processID: 22700, networkConnectionEnabled: false, pageLoadStrategy: normal, platformName: windows, proxy: Proxy(), se:cdp: ws://localhost:51885/devtoo..., se:cdpVersion: 144.0.7559.135, setWindowRect: true, strictFileInteractability: false, timeouts: {implicit: 0, pageLoad: 300000, script: 30000}, unhandledPromptBehavior: dismiss and notify, webauthn:extension:credBlob: true, webauthn:extension:largeBlob: true, webauthn:extension:minPinLength: true, webauthn:extension:prf: true, webauthn:virtualAuthenticators: true}
Session ID: 9b0716e98c363eb605f2646ff6cc872e
	at org.openqa.selenium.remote.codec.w3c.W3CHttpResponseCodec.createException(W3CHttpResponseCodec.java:200)
	at org.openqa.selenium.remote.codec.w3c.W3CHttpResponseCodec.decode(W3CHttpResponseCodec.java:133)
	at org.openqa.selenium.remote.codec.w3c.W3CHttpResponseCodec.decode(W3CHttpResponseCodec.java:52)
	at org.openqa.selenium.remote.HttpCommandExecutor.execute(HttpCommandExecutor.java:191)
	at org.openqa.selenium.remote.service.DriverCommandExecutor.invokeExecute(DriverCommandExecutor.java:200)
	at org.openqa.selenium.remote.service.DriverCommandExecutor.execute(DriverCommandExecutor.java:175)
	at org.openqa.selenium.remote.RemoteWebDriver.execute(RemoteWebDriver.java:607)
	at org.openqa.selenium.remote.ElementLocation$ElementFinder$2.findElement(ElementLocation.java:165)
	at org.openqa.selenium.remote.ElementLocation.findElement(ElementLocation.java:59)
	at org.openqa.selenium.remote.RemoteWebDriver.findElement(RemoteWebDriver.java:364)
	at org.openqa.selenium.remote.RemoteWebDriver.findElement(RemoteWebDriver.java:358)
	at org.openqa.selenium.support.pagefactory.DefaultElementLocator.findElement(DefaultElementLocator.java:68)
	at org.openqa.selenium.support.pagefactory.internal.LocatingElementHandler.invoke(LocatingElementHandler.java:38)
	at jdk.proxy2/jdk.proxy2.$Proxy10.getText(Unknown Source)
	at com.portafolio.automation.pages.CheckoutPage.getTotalAmount(CheckoutPage.java:55)
	at com.portafolio.automation.tests.CheckoutTests.testCompleteCheckout(CheckoutTests.java:39)
	at java.base/java.util.ArrayList.forEach(ArrayList.java:1597)
	at java.base/java.util.concurrent.FutureTask.run(FutureTask.java:317)
	at java.base/java.util.concurrent.ThreadPoolExecutor.runWorker(ThreadPoolExecutor.java:1144)
	at java.base/java.util.concurrent.ThreadPoolExecutor$Worker.run(ThreadPoolExecutor.java:642)
	at java.base/java.lang.Thread.run(Thread.java:1575)
... Removed 18 stack frames
</div> <!-- stack-trace -->
                  <em>
(Flujo completo de compra)                  </em>
                </div> <!-- method-content -->
              </div> <!-- method -->
            </div> <!-- main-panel-content rounded-window-bottom -->
          </div> <!-- suite-SauceDemo_E2E_Test_Suite-class-failed -->
          <div class="suite-SauceDemo_E2E_Test_Suite-class-passed">
            <div class="main-panel-header rounded-window-top">
              <img src="passed.png"/>
              <span class="class-name">com.portafolio.automation.tests.LoginTests</span>
            </div> <!-- main-panel-header rounded-window-top -->
            <div class="main-panel-content rounded-window-bottom">
              <div class="method">
                <div class="method-content">
                  <a name="testEmptyCredentials">
                  </a> <!-- testEmptyCredentials -->
                  <span class="method-name">testEmptyCredentials</span>
                  <em>
(Verificar validación de campos vacíos)                  </em>
                </div> <!-- method-content -->
              </div> <!-- method -->
              <div class="method">
                <div class="method-content">
                  <a name="testEmptyCredentials">
                  </a> <!-- testEmptyCredentials -->
                  <span class="method-name">testEmptyCredentials</span>
                  <em>
(Verificar validación de campos vacíos)                  </em>
                </div> <!-- method-content -->
              </div> <!-- method -->
              <div class="method">
                <div class="method-content">
                  <a name="testInvalidPassword">
                  </a> <!-- testInvalidPassword -->
                  <span class="method-name">testInvalidPassword</span>
                  <em>
(Verificar login con contraseña incorrecta)                  </em>
                </div> <!-- method-content -->
              </div> <!-- method -->
              <div class="method">
                <div class="method-content">
                  <a name="testInvalidPassword">
                  </a> <!-- testInvalidPassword -->
                  <span class="method-name">testInvalidPassword</span>
                  <em>
(Verificar login con contraseña incorrecta)                  </em>
                </div> <!-- method-content -->
              </div> <!-- method -->
              <div class="method">
                <div class="method-content">
                  <a name="testLockedOutUser">
                  </a> <!-- testLockedOutUser -->
                  <span class="method-name">testLockedOutUser</span>
                  <em>
(Verificar mensaje de error con usuario bloqueado)                  </em>
                </div> <!-- method-content -->
              </div> <!-- method -->
              <div class="method">
                <div class="method-content">
                  <a name="testLockedOutUser">
                  </a> <!-- testLockedOutUser -->
                  <span class="method-name">testLockedOutUser</span>
                  <em>
(Verificar mensaje de error con usuario bloqueado)                  </em>
                </div> <!-- method-content -->
              </div> <!-- method -->
              <div class="method">
                <div class="method-content">
                  <a name="testLoginSuccess">
                  </a> <!-- testLoginSuccess -->
                  <span class="method-name">testLoginSuccess</span>
                  <em>
(Verificar login exitoso con usuario estándar)                  </em>
                </div> <!-- method-content -->
              </div> <!-- method -->
              <div class="method">
                <div class="method-content">
                  <a name="testLoginSuccess">
                  </a> <!-- testLoginSuccess -->
                  <span class="method-name">testLoginSuccess</span>
                  <em>
(Verificar login exitoso con usuario estándar)                  </em>
                </div> <!-- method-content -->
              </div> <!-- method -->
            </div> <!-- main-panel-content rounded-window-bottom -->
          </div> <!-- suite-SauceDemo_E2E_Test_Suite-class-passed -->
          <div class="suite-SauceDemo_E2E_Test_Suite-class-passed">
            <div class="main-panel-header rounded-window-top">
              <img src="passed.png"/>
              <span class="class-name">com.portafolio.automation.tests.CheckoutTests</span>
            </div> <!-- main-panel-header rounded-window-top -->
            <div class="main-panel-content rounded-window-bottom">
              <div class="method">
                <div class="method-content">
                  <a name="testCheckoutWithoutInfo">
                  </a> <!-- testCheckoutWithoutInfo -->
                  <span class="method-name">testCheckoutWithoutInfo</span>
                  <em>
(Verificar checkout sin información personal)                  </em>
                </div> <!-- method-content -->
              </div> <!-- method -->
              <div class="method">
                <div class="method-content">
                  <a name="testCompleteCheckout">
                  </a> <!-- testCompleteCheckout -->
                  <span class="method-name">testCompleteCheckout</span>
                  <em>
(Flujo completo de compra)                  </em>
                </div> <!-- method-content -->
              </div> <!-- method -->
            </div> <!-- main-panel-content rounded-window-bottom -->
          </div> <!-- suite-SauceDemo_E2E_Test_Suite-class-passed -->
          <div class="suite-SauceDemo_E2E_Test_Suite-class-passed">
            <div class="main-panel-header rounded-window-top">
              <img src="passed.png"/>
              <span class="class-name">com.portafolio.automation.tests.CartTests</span>
            </div> <!-- main-panel-header rounded-window-top -->
            <div class="main-panel-content rounded-window-bottom">
              <div class="method">
                <div class="method-content">
                  <a name="testAddMultipleItemsToCart">
                  </a> <!-- testAddMultipleItemsToCart -->
                  <span class="method-name">testAddMultipleItemsToCart</span>
                  <em>
(Agregar múltiples productos al carrito)                  </em>
                </div> <!-- method-content -->
              </div> <!-- method -->
              <div class="method">
                <div class="method-content">
                  <a name="testAddMultipleItemsToCart">
                  </a> <!-- testAddMultipleItemsToCart -->
                  <span class="method-name">testAddMultipleItemsToCart</span>
                  <em>
(Agregar múltiples productos al carrito)                  </em>
                </div> <!-- method-content -->
              </div> <!-- method -->
              <div class="method">
                <div class="method-content">
                  <a name="testAddSingleItemToCart">
                  </a> <!-- testAddSingleItemToCart -->
                  <span class="method-name">testAddSingleItemToCart</span>
                  <em>
(Agregar un producto al carrito)                  </em>
                </div> <!-- method-content -->
              </div> <!-- method -->
              <div class="method">
                <div class="method-content">
                  <a name="testAddSingleItemToCart">
                  </a> <!-- testAddSingleItemToCart -->
                  <span class="method-name">testAddSingleItemToCart</span>
                  <em>
(Agregar un producto al carrito)                  </em>
                </div> <!-- method-content -->
              </div> <!-- method -->
              <div class="method">
                <div class="method-content">
                  <a name="testEmptyCart">
                  </a> <!-- testEmptyCart -->
                  <span class="method-name">testEmptyCart</span>
                  <em>
(Verificar carrito vacío inicialmente)                  </em>
                </div> <!-- method-content -->
              </div> <!-- method -->
              <div class="method">
                <div class="method-content">
                  <a name="testEmptyCart">
                  </a> <!-- testEmptyCart -->
                  <span class="method-name">testEmptyCart</span>
                  <em>
(Verificar carrito vacío inicialmente)                  </em>
                </div> <!-- method-content -->
              </div> <!-- method -->
            </div> <!-- main-panel-content rounded-window-bottom -->
          </div> <!-- suite-SauceDemo_E2E_Test_Suite-class-passed -->
        </div> <!-- panel SauceDemo_E2E_Test_Suite -->
        <div panel-name="test-xml-SauceDemo_E2E_Test_Suite" class="panel">
          <div class="main-panel-header rounded-window-top">
            <span class="header-content">C:\Users\svala\e2e-selenium-portfolio\testng.xml</span>
          </div> <!-- main-panel-header rounded-window-top -->
          <div class="main-panel-content rounded-window-bottom">
            <pre>
&lt;?xml version=&quot;1.0&quot; encoding=&quot;UTF-8&quot;?&gt;
&lt;!DOCTYPE suite SYSTEM &quot;https://testng.org/testng-1.0.dtd&quot;&gt;
&lt;suite thread-count=&quot;2&quot; parallel=&quot;tests&quot; name=&quot;SauceDemo E2E Test Suite&quot; guice-stage=&quot;DEVELOPMENT&quot; verbose=&quot;0&quot;&gt;
  &lt;listeners&gt;
    &lt;listener class-name=&quot;com.portafolio.automation.utils.ExtentReportListener&quot;/&gt;
  &lt;/listeners&gt;
  &lt;test thread-count=&quot;2&quot; parallel=&quot;tests&quot; name=&quot;Chrome Tests&quot; verbose=&quot;0&quot;&gt;
    &lt;parameter name=&quot;browser&quot; value=&quot;chrome&quot;/&gt;
    &lt;classes&gt;
      &lt;class name=&quot;com.portafolio.automation.tests.LoginTests&quot;/&gt;
      &lt;class name=&quot;com.portafolio.automation.tests.CartTests&quot;/&gt;
      &lt;class name=&quot;com.portafolio.automation.tests.CheckoutTests&quot;/&gt;
    &lt;/classes&gt;
  &lt;/test&gt; &lt;!-- Chrome Tests --&gt;
  &lt;test thread-count=&quot;2&quot; parallel=&quot;tests&quot; name=&quot;Firefox Tests&quot; verbose=&quot;0&quot;&gt;
    &lt;parameter name=&quot;browser&quot; value=&quot;firefox&quot;/&gt;
    &lt;classes&gt;
      &lt;class name=&quot;com.portafolio.automation.tests.LoginTests&quot;/&gt;
      &lt;class name=&quot;com.portafolio.automation.tests.CartTests&quot;/&gt;
      &lt;class name=&quot;com.portafolio.automation.tests.CheckoutTests&quot;/&gt;
    &lt;/classes&gt;
  &lt;/test&gt; &lt;!-- Firefox Tests --&gt;
&lt;/suite&gt; &lt;!-- SauceDemo E2E Test Suite --&gt;
            </pre>
          </div> <!-- main-panel-content rounded-window-bottom -->
        </div> <!-- panel -->
        <div panel-name="testlist-SauceDemo_E2E_Test_Suite" class="panel">
          <div class="main-panel-header rounded-window-top">
            <span class="header-content">Tests for SauceDemo E2E Test Suite</span>
          </div> <!-- main-panel-header rounded-window-top -->
          <div class="main-panel-content rounded-window-bottom">
            <ul>
              <li>
                <span class="test-name">Chrome Tests (3 classes)</span>
              </li>
              <li>
                <span class="test-name">Firefox Tests (3 classes)</span>
              </li>
            </ul>
          </div> <!-- main-panel-content rounded-window-bottom -->
        </div> <!-- panel -->
        <div panel-name="group-SauceDemo_E2E_Test_Suite" class="panel">
          <div class="main-panel-header rounded-window-top">
            <span class="header-content">Groups for SauceDemo E2E Test Suite</span>
          </div> <!-- main-panel-header rounded-window-top -->
          <div class="main-panel-content rounded-window-bottom">
          </div> <!-- main-panel-content rounded-window-bottom -->
        </div> <!-- panel -->
        <div panel-name="times-SauceDemo_E2E_Test_Suite" class="panel">
          <div class="main-panel-header rounded-window-top">
            <span class="header-content">Times for SauceDemo E2E Test Suite</span>
          </div> <!-- main-panel-header rounded-window-top -->
          <div class="main-panel-content rounded-window-bottom">
            <div class="times-div">
              <script type="text/javascript">
suiteTableInitFunctions.push('tableData_SauceDemo_E2E_Test_Suite');
function tableData_SauceDemo_E2E_Test_Suite() {
var data = new google.visualization.DataTable();
data.addColumn('number', 'Number');
data.addColumn('string', 'Method');
data.addColumn('string', 'Class');
data.addColumn('number', 'Time (ms)');
data.addRows(18);
data.setCell(0, 0, 0)
data.setCell(0, 1, 'testCompleteCheckout')
data.setCell(0, 2, 'com.portafolio.automation.tests.CheckoutTests')
data.setCell(0, 3, 10749);
data.setCell(1, 0, 1)
data.setCell(1, 1, 'testCheckoutWithoutInfo')
data.setCell(1, 2, 'com.portafolio.automation.tests.CheckoutTests')
data.setCell(1, 3, 10365);
data.setCell(2, 0, 2)
data.setCell(2, 1, 'testEmptyCart')
data.setCell(2, 2, 'com.portafolio.automation.tests.CartTests')
data.setCell(2, 3, 10313);
data.setCell(3, 0, 3)
data.setCell(3, 1, 'testEmptyCart')
data.setCell(3, 2, 'com.portafolio.automation.tests.CartTests')
data.setCell(3, 3, 10229);
data.setCell(4, 0, 4)
data.setCell(4, 1, 'testLockedOutUser')
data.setCell(4, 2, 'com.portafolio.automation.tests.LoginTests')
data.setCell(4, 3, 4612);
data.setCell(5, 0, 5)
data.setCell(5, 1, 'testEmptyCredentials')
data.setCell(5, 2, 'com.portafolio.automation.tests.LoginTests')
data.setCell(5, 3, 2565);
data.setCell(6, 0, 6)
data.setCell(6, 1, 'testInvalidPassword')
data.setCell(6, 2, 'com.portafolio.automation.tests.LoginTests')
data.setCell(6, 3, 2560);
data.setCell(7, 0, 7)
data.setCell(7, 1, 'testLoginSuccess')
data.setCell(7, 2, 'com.portafolio.automation.tests.LoginTests')
data.setCell(7, 3, 2414);
data.setCell(8, 0, 8)
data.setCell(8, 1, 'testEmptyCredentials')
data.setCell(8, 2, 'com.portafolio.automation.tests.LoginTests')
data.setCell(8, 3, 2386);
data.setCell(9, 0, 9)
data.setCell(9, 1, 'testInvalidPassword')
data.setCell(9, 2, 'com.portafolio.automation.tests.LoginTests')
data.setCell(9, 3, 1873);
data.setCell(10, 0, 10)
data.setCell(10, 1, 'testLockedOutUser')
data.setCell(10, 2, 'com.portafolio.automation.tests.LoginTests')
data.setCell(10, 3, 1779);
data.setCell(11, 0, 11)
data.setCell(11, 1, 'testLoginSuccess')
data.setCell(11, 2, 'com.portafolio.automation.tests.LoginTests')
data.setCell(11, 3, 1704);
data.setCell(12, 0, 12)
data.setCell(12, 1, 'testCompleteCheckout')
data.setCell(12, 2, 'com.portafolio.automation.tests.CheckoutTests')
data.setCell(12, 3, 1159);
data.setCell(13, 0, 13)
data.setCell(13, 1, 'testAddMultipleItemsToCart')
data.setCell(13, 2, 'com.portafolio.automation.tests.CartTests')
data.setCell(13, 3, 1101);
data.setCell(14, 0, 14)
data.setCell(14, 1, 'testAddSingleItemToCart')
data.setCell(14, 2, 'com.portafolio.automation.tests.CartTests')
data.setCell(14, 3, 815);
data.setCell(15, 0, 15)
data.setCell(15, 1, 'testAddMultipleItemsToCart')
data.setCell(15, 2, 'com.portafolio.automation.tests.CartTests')
data.setCell(15, 3, 763);
data.setCell(16, 0, 16)
data.setCell(16, 1, 'testAddSingleItemToCart')
data.setCell(16, 2, 'com.portafolio.automation.tests.CartTests')
data.setCell(16, 3, 709);
data.setCell(17, 0, 17)
data.setCell(17, 1, 'testCheckoutWithoutInfo')
data.setCell(17, 2, 'com.portafolio.automation.tests.CheckoutTests')
data.setCell(17, 3, 439);
window.suiteTableData['SauceDemo_E2E_Test_Suite']= { tableData: data, tableDiv: 'times-div-SauceDemo_E2E_Test_Suite'}
return data;
}
              </script>
              <span class="suite-total-time">Total running time: 1 minutes</span>
              <div id="times-div-SauceDemo_E2E_Test_Suite">
              </div> <!-- times-div-SauceDemo_E2E_Test_Suite -->
            </div> <!-- times-div -->
          </div> <!-- main-panel-content rounded-window-bottom -->
        </div> <!-- panel -->
        <div panel-name="reporter-SauceDemo_E2E_Test_Suite" class="panel">
          <div class="main-panel-header rounded-window-top">
            <span class="header-content">Reporter output for SauceDemo E2E Test Suite</span>
          </div> <!-- main-panel-header rounded-window-top -->
          <div class="main-panel-content rounded-window-bottom">
          </div> <!-- main-panel-content rounded-window-bottom -->
        </div> <!-- panel -->
        <div panel-name="ignored-methods-SauceDemo_E2E_Test_Suite" class="panel">
          <div class="main-panel-header rounded-window-top">
            <span class="header-content">0 ignored methods</span>
          </div> <!-- main-panel-header rounded-window-top -->
          <div class="main-panel-content rounded-window-bottom">
          </div> <!-- main-panel-content rounded-window-bottom -->
        </div> <!-- panel -->
        <div panel-name="chronological-SauceDemo_E2E_Test_Suite" class="panel">
          <div class="main-panel-header rounded-window-top">
            <span class="header-content">Methods in chronological order</span>
          </div> <!-- main-panel-header rounded-window-top -->
          <div class="main-panel-content rounded-window-bottom">
            <div class="chronological-class">
              <div class="chronological-class-name">com.portafolio.automation.tests.LoginTests</div> <!-- chronological-class-name -->
              <div class="configuration-method before">
                <span class="method-name">setUp(chrome)</span>
                <span class="method-start">0 ms</span>
              </div> <!-- configuration-method before -->
              <div class="configuration-method before">
                <span class="method-name">setUp(chrome)</span>
                <span class="method-start">0 ms</span>
              </div> <!-- configuration-method before -->
              <div class="test-method">
                <span class="method-name">testEmptyCredentials</span>
                <span class="method-start">11961 ms</span>
              </div> <!-- test-method -->
              <div class="test-method">
                <span class="method-name">testEmptyCredentials</span>
                <span class="method-start">12084 ms</span>
              </div> <!-- test-method -->
              <div class="configuration-method after">
                <span class="method-name">tearDown</span>
                <span class="method-start">14476 ms</span>
              </div> <!-- configuration-method after -->
              <div class="configuration-method after">
                <span class="method-name">tearDown</span>
                <span class="method-start">14528 ms</span>
              </div> <!-- configuration-method after -->
              <div class="configuration-method before">
                <span class="method-name">setUp(chrome)</span>
                <span class="method-start">16532 ms</span>
              </div> <!-- configuration-method before -->
              <div class="configuration-method before">
                <span class="method-name">setUp(chrome)</span>
                <span class="method-start">16541 ms</span>
              </div> <!-- configuration-method before -->
              <div class="test-method">
                <span class="method-name">testInvalidPassword</span>
                <span class="method-start">22087 ms</span>
              </div> <!-- test-method -->
              <div class="test-method">
                <span class="method-name">testInvalidPassword</span>
                <span class="method-start">22292 ms</span>
              </div> <!-- test-method -->
              <div class="configuration-method after">
                <span class="method-name">tearDown</span>
                <span class="method-start">23963 ms</span>
              </div> <!-- configuration-method after -->
              <div class="configuration-method after">
                <span class="method-name">tearDown</span>
                <span class="method-start">24853 ms</span>
              </div> <!-- configuration-method after -->
              <div class="configuration-method before">
                <span class="method-name">setUp(chrome)</span>
                <span class="method-start">25988 ms</span>
              </div> <!-- configuration-method before -->
              <div class="configuration-method before">
                <span class="method-name">setUp(chrome)</span>
                <span class="method-start">26593 ms</span>
              </div> <!-- configuration-method before -->
              <div class="test-method">
                <span class="method-name">testLockedOutUser</span>
                <span class="method-start">30903 ms</span>
              </div> <!-- test-method -->
              <div class="test-method">
                <span class="method-name">testLockedOutUser</span>
                <span class="method-start">33421 ms</span>
              </div> <!-- test-method -->
              <div class="configuration-method after">
                <span class="method-name">tearDown</span>
                <span class="method-start">35201 ms</span>
              </div> <!-- configuration-method after -->
              <div class="configuration-method after">
                <span class="method-name">tearDown</span>
                <span class="method-start">35517 ms</span>
              </div> <!-- configuration-method after -->
              <div class="configuration-method before">
                <span class="method-name">setUp(chrome)</span>
                <span class="method-start">36555 ms</span>
              </div> <!-- configuration-method before -->
              <div class="configuration-method before">
                <span class="method-name">setUp(chrome)</span>
                <span class="method-start">36893 ms</span>
              </div> <!-- configuration-method before -->
              <div class="test-method">
                <span class="method-name">testLoginSuccess</span>
                <span class="method-start">40996 ms</span>
              </div> <!-- test-method -->
              <div class="test-method">
                <span class="method-name">testLoginSuccess</span>
                <span class="method-start">41522 ms</span>
              </div> <!-- test-method -->
              <div class="configuration-method after">
                <span class="method-name">tearDown</span>
                <span class="method-start">43227 ms</span>
              </div> <!-- configuration-method after -->
              <div class="configuration-method after">
                <span class="method-name">tearDown</span>
                <span class="method-start">43411 ms</span>
              </div> <!-- configuration-method after -->
            </div> <!-- chronological-class -->
            <div class="chronological-class">
              <div class="chronological-class-name">com.portafolio.automation.tests.CartTests</div> <!-- chronological-class-name -->
              <div class="configuration-method before">
                <span class="method-name">setUp(chrome)</span>
                <span class="method-start">44199 ms</span>
              </div> <!-- configuration-method before -->
              <div class="configuration-method before">
                <span class="method-name">setUp(chrome)</span>
                <span class="method-start">44414 ms</span>
              </div> <!-- configuration-method before -->
              <div class="configuration-method before">
                <span class="method-name">setupTest</span>
                <span class="method-start">48176 ms</span>
              </div> <!-- configuration-method before -->
              <div class="configuration-method before">
                <span class="method-name">setupTest</span>
                <span class="method-start">49111 ms</span>
              </div> <!-- configuration-method before -->
              <div class="test-method">
                <span class="method-name">testAddMultipleItemsToCart</span>
                <span class="method-start">49796 ms</span>
              </div> <!-- test-method -->
              <div class="test-method">
                <span class="method-name">testAddMultipleItemsToCart</span>
                <span class="method-start">50365 ms</span>
              </div> <!-- test-method -->
              <div class="configuration-method after">
                <span class="method-name">tearDown</span>
                <span class="method-start">50898 ms</span>
              </div> <!-- configuration-method after -->
              <div class="configuration-method after">
                <span class="method-name">tearDown</span>
                <span class="method-start">51128 ms</span>
              </div> <!-- configuration-method after -->
              <div class="configuration-method before">
                <span class="method-name">setUp(chrome)</span>
                <span class="method-start">51892 ms</span>
              </div> <!-- configuration-method before -->
              <div class="configuration-method before">
                <span class="method-name">setUp(chrome)</span>
                <span class="method-start">52100 ms</span>
              </div> <!-- configuration-method before -->
              <div class="configuration-method before">
                <span class="method-name">setupTest</span>
                <span class="method-start">56652 ms</span>
              </div> <!-- configuration-method before -->
              <div class="configuration-method before">
                <span class="method-name">setupTest</span>
                <span class="method-start">56689 ms</span>
              </div> <!-- configuration-method before -->
              <div class="test-method">
                <span class="method-name">testAddSingleItemToCart</span>
                <span class="method-start">57778 ms</span>
              </div> <!-- test-method -->
              <div class="test-method">
                <span class="method-name">testAddSingleItemToCart</span>
                <span class="method-start">57902 ms</span>
              </div> <!-- test-method -->
              <div class="configuration-method after">
                <span class="method-name">tearDown</span>
                <span class="method-start">58490 ms</span>
              </div> <!-- configuration-method after -->
              <div class="configuration-method after">
                <span class="method-name">tearDown</span>
                <span class="method-start">58718 ms</span>
              </div> <!-- configuration-method after -->
              <div class="configuration-method before">
                <span class="method-name">setUp(chrome)</span>
                <span class="method-start">59119 ms</span>
              </div> <!-- configuration-method before -->
              <div class="configuration-method before">
                <span class="method-name">setUp(chrome)</span>
                <span class="method-start">59211 ms</span>
              </div> <!-- configuration-method before -->
              <div class="configuration-method before">
                <span class="method-name">setupTest</span>
                <span class="method-start">63483 ms</span>
              </div> <!-- configuration-method before -->
              <div class="configuration-method before">
                <span class="method-name">setupTest</span>
                <span class="method-start">63718 ms</span>
              </div> <!-- configuration-method before -->
              <div class="test-method">
                <span class="method-name">testEmptyCart</span>
                <span class="method-start">64781 ms</span>
              </div> <!-- test-method -->
              <div class="test-method">
                <span class="method-name">testEmptyCart</span>
                <span class="method-start">65421 ms</span>
              </div> <!-- test-method -->
              <div class="configuration-method after">
                <span class="method-name">tearDown</span>
                <span class="method-start">75095 ms</span>
              </div> <!-- configuration-method after -->
              <div class="configuration-method after">
                <span class="method-name">tearDown</span>
                <span class="method-start">75651 ms</span>
              </div> <!-- configuration-method after -->
            </div> <!-- chronological-class -->
            <div class="chronological-class">
              <div class="chronological-class-name">com.portafolio.automation.tests.CheckoutTests</div> <!-- chronological-class-name -->
              <div class="configuration-method before">
                <span class="method-name">setUp(chrome)</span>
                <span class="method-start">76422 ms</span>
              </div> <!-- configuration-method before -->
              <div class="configuration-method before">
                <span class="method-name">setUp(chrome)</span>
                <span class="method-start">76580 ms</span>
              </div> <!-- configuration-method before -->
              <div class="configuration-method before">
                <span class="method-name">setupTest</span>
                <span class="method-start">81002 ms</span>
              </div> <!-- configuration-method before -->
              <div class="configuration-method before">
                <span class="method-name">setupTest</span>
                <span class="method-start">81152 ms</span>
              </div> <!-- configuration-method before -->
              <div class="test-method">
                <img src="failed.png">
                </img>
                <span class="method-name">testCheckoutWithoutInfo</span>
                <span class="method-start">83114 ms</span>
              </div> <!-- test-method -->
              <div class="test-method">
                <span class="method-name">testCheckoutWithoutInfo</span>
                <span class="method-start">83702 ms</span>
              </div> <!-- test-method -->
              <div class="configuration-method after">
                <span class="method-name">tearDown</span>
                <span class="method-start">84141 ms</span>
              </div> <!-- configuration-method after -->
              <div class="configuration-method before">
                <span class="method-name">setUp(chrome)</span>
                <span class="method-start">84755 ms</span>
              </div> <!-- configuration-method before -->
              <div class="configuration-method before">
                <span class="method-name">setupTest</span>
                <span class="method-start">87952 ms</span>
              </div> <!-- configuration-method before -->
              <div class="test-method">
                <span class="method-name">testCompleteCheckout</span>
                <span class="method-start">89157 ms</span>
              </div> <!-- test-method -->
              <div class="configuration-method after">
                <span class="method-name">tearDown</span>
                <span class="method-start">90317 ms</span>
              </div> <!-- configuration-method after -->
              <div class="configuration-method after">
                <span class="method-name">tearDown</span>
                <span class="method-start">93493 ms</span>
              </div> <!-- configuration-method after -->
              <div class="configuration-method before">
                <span class="method-name">setUp(chrome)</span>
                <span class="method-start">93978 ms</span>
              </div> <!-- configuration-method before -->
              <div class="configuration-method before">
                <span class="method-name">setupTest</span>
                <span class="method-start">96457 ms</span>
              </div> <!-- configuration-method before -->
              <div class="test-method">
                <img src="failed.png">
                </img>
                <span class="method-name">testCompleteCheckout</span>
                <span class="method-start">97589 ms</span>
              </div> <!-- test-method -->
              <div class="configuration-method after">
                <span class="method-name">tearDown</span>
                <span class="method-start">108342 ms</span>
              </div> <!-- configuration-method after -->
          </div> <!-- main-panel-content rounded-window-bottom -->
        </div> <!-- panel -->
      </div> <!-- main-panel-root -->
    </div> <!-- wrapper -->
  </body>
<script type="text/javascript" src="testng-reports2.js"></script>
</html>
